#
# A fatal error has been detected by the Java Runtime Environment:
#
#  SIGSEGV (0xb) at pc=0x000000010cc46d7c, pid=965, tid=18947
#
# JRE version: Java(TM) SE Runtime Environment (8.0_73-b02) (build 1.8.0_73-b02)
# Java VM: Java HotSpot(TM) 64-Bit Server VM (25.73-b02 mixed mode bsd-amd64 compressed oops)
# Problematic frame:
# V  [libjvm.dylib+0x446d7c]
#
# Failed to write core dump. Core dumps have been disabled. To enable core dumping, try "ulimit -c unlimited" before starting Java again
#
# If you would like to submit a bug report, please visit:
#   http://bugreport.java.com/bugreport/crash.jsp
#

---------------  T H R E A D  ---------------

Current thread (0x00007f978a803000):  JavaThread "JDWP Transport Listener: dt_socket" daemon [_thread_in_vm, id=18947, stack(0x0000700000f47000,0x0000700001047000)]

siginfo: si_signo: 11 (SIGSEGV), si_code: 1 (SEGV_MAPERR), si_addr: 0x0000000000000019

Registers:
RAX=0x0000000000000001, RBX=0x0000700001046a8b, RCX=0x000000010d015340, RDX=0x0000700001046a8b
RSP=0x00007000010469d0, RBP=0x00007000010469e0, RSI=0x00007f978a803000, RDI=0x0000000000000019
R8 =0x0000000000000001, R9 =0x0000000000000000, R10=0x0000000000000002, R11=0x00007f9789e00000
R12=0x00007f978a803000, R13=0x0000000000000019, R14=0x0000000000000019, R15=0x00007f9789d15c90
RIP=0x000000010cc46d7c, EFLAGS=0x0000000000010202, ERR=0x0000000000000004
  TRAPNO=0x000000000000000e

Top of Stack: (sp=0x00007000010469d0)
0x00007000010469d0:   0000700001046a8b 0000700001046a8b
0x00007000010469e0:   0000700001046a40 000000010cb55dda
0x00007000010469f0:   00007f978a803000 0000000000000000
0x0000700001046a00:   0000000000000000 0000000000000000
0x0000700001046a10:   00007f978a803000 00007f978a803000
0x0000700001046a20:   0000700001046a8b 0000700001046a90
0x0000700001046a30:   0000000000000019 0000000000000006
0x0000700001046a40:   0000700001046a60 000000010b69d780
0x0000700001046a50:   0000000000000001 0000700001046b08
0x0000700001046a60:   0000700001046ad0 000000010b6821f3
0x0000700001046a70:   0000700001046aa0 00007f9789e2f760
0x0000700001046a80:   0000000700000032 0000000100046b08
0x0000700001046a90:   0000000000000000 0000000000000000
0x0000700001046aa0:   0000000000000000 0000700001046c90
0x0000700001046ab0:   000000010b6a4e7a 00007f9789e2f1c0
0x0000700001046ac0:   0000700001046b08 000000010b6b0598
0x0000700001046ad0:   0000700001046ae0 000000010b6822ec
0x0000700001046ae0:   0000700001046d00 000000010b68b898
0x0000700001046af0:   0000427a00000013 00000000000f0200
0x0000700001046b00:   00007f9789e2ecc0 00007f9789e2f8cc
0x0000700001046b10:   00007f97000001cc 00007f9789e2ea90
0x0000700001046b20:   000000000000012c 0000700001046b58
0x0000700001046b30:   00007f9789e2ea90 0000000000000000
0x0000700001046b40:   0000427a00000030 00007fff0000c380
0x0000700001046b50:   0000700001046b58 977f000007000000
0x0000700001046b60:   0a000000c896e289 72676f72506e7572
0x0000700001046b70:   2928030000006d61 0000000000000056
0x0000700001046b80:   ebe289977f000001 726f730c000000e8
0x0000700001046b90:   65756c6156794274 6a4c282800000073
0x0000700001046ba0:   6c6974752f617661 70614d687361482f
0x0000700001046bb0:   2f6176616a4c293b 7361482f6c697475
0x0000700001046bc0:   0000003b70614d68 7f00000a00000000 

Instructions: (pc=0x000000010cc46d7c)
0x000000010cc46d5c:   40 48 48 85 c0 75 e0 30 c0 0f b6 c0 5d c3 31 c0
0x000000010cc46d6c:   5d c3 55 48 89 e5 53 48 83 ec 08 48 85 ff 74 24
0x000000010cc46d7c:   48 8b 1f 48 85 db 74 1c 48 83 fb 37 74 16 48 8b
0x000000010cc46d8c:   03 48 89 df ff 50 10 84 c0 b8 00 00 00 00 48 0f 

Register to memory mapping:

RAX=0x0000000000000001 is an unknown value
RBX=0x0000700001046a8b is pointing into the stack for thread: 0x00007f978a803000
RCX=0x000000010d015340: UseMembar+0 in /Library/Java/JavaVirtualMachines/jdk1.8.0_73.jdk/Contents/Home/jre/lib/server/libjvm.dylib at 0x000000010c800000
RDX=0x0000700001046a8b is pointing into the stack for thread: 0x00007f978a803000
RSP=0x00007000010469d0 is pointing into the stack for thread: 0x00007f978a803000
RBP=0x00007000010469e0 is pointing into the stack for thread: 0x00007f978a803000
RSI=0x00007f978a803000 is a thread
RDI=0x0000000000000019 is an unknown value
R8 =0x0000000000000001 is an unknown value
R9 =0x0000000000000000 is an unknown value
R10=0x0000000000000002 is an unknown value
R11=0x00007f9789e00000 is an unknown value
R12=0x00007f978a803000 is a thread
R13=0x0000000000000019 is an unknown value
R14=0x0000000000000019 is an unknown value
R15=0x00007f9789d15c90 is an unknown value


Stack: [0x0000700000f47000,0x0000700001047000],  sp=0x00007000010469d0,  free space=1022k
Native frames: (J=compiled Java code, j=interpreted, Vv=VM code, C=native code)
V  [libjvm.dylib+0x446d7c]
V  [libjvm.dylib+0x355dda]
C  [libjdwp.dylib+0x20780]  isMethodSynthetic+0x63
C  [libjdwp.dylib+0x51f3]  methods1+0x10b
C  [libjdwp.dylib+0x52ec]  methodsWithGeneric+0xe
C  [libjdwp.dylib+0xe898]  debugLoop_run+0x1ce
C  [libjdwp.dylib+0x1f6ba]  attachThread+0x4d
V  [libjvm.dylib+0x397138]
V  [libjvm.dylib+0x561753]
V  [libjvm.dylib+0x562e4e]
V  [libjvm.dylib+0x4838a2]
C  [libsystem_pthread.dylib+0x3c13]  _pthread_body+0x83
C  [libsystem_pthread.dylib+0x3b90]  _pthread_body+0x0
C  [libsystem_pthread.dylib+0x1375]  thread_start+0xd
C  0x0000000000000000


---------------  P R O C E S S  ---------------

Java Threads: ( => current thread )
  0x00007f978d051000 JavaThread "Service Thread" daemon [_thread_blocked, id=22531, stack(0x000070000165c000,0x000070000175c000)]
  0x00007f978c803800 JavaThread "C1 CompilerThread3" daemon [_thread_blocked, id=22019, stack(0x0000700001559000,0x0000700001659000)]
  0x00007f978d00d800 JavaThread "C2 CompilerThread2" daemon [_thread_blocked, id=21507, stack(0x0000700001456000,0x0000700001556000)]
  0x00007f978d009800 JavaThread "C2 CompilerThread1" daemon [_thread_blocked, id=20995, stack(0x0000700001353000,0x0000700001453000)]
  0x00007f978d00b000 JavaThread "C2 CompilerThread0" daemon [_thread_blocked, id=20483, stack(0x0000700001250000,0x0000700001350000)]
  0x00007f978d804000 JavaThread "JDWP Command Reader" daemon [_thread_in_native, id=19971, stack(0x000070000114d000,0x000070000124d000)]
  0x00007f978a801000 JavaThread "JDWP Event Helper Thread" daemon [_thread_blocked, id=19459, stack(0x000070000104a000,0x000070000114a000)]
=>0x00007f978a803000 JavaThread "JDWP Transport Listener: dt_socket" daemon [_thread_in_vm, id=18947, stack(0x0000700000f47000,0x0000700001047000)]
  0x00007f978d006000 JavaThread "Signal Dispatcher" daemon [_thread_blocked, id=14863, stack(0x0000700000e44000,0x0000700000f44000)]
  0x00007f978d800000 JavaThread "Finalizer" daemon [_thread_blocked, id=14339, stack(0x0000700000c3b000,0x0000700000d3b000)]
  0x00007f978b813800 JavaThread "Reference Handler" daemon [_thread_blocked, id=13827, stack(0x0000700000b38000,0x0000700000c38000)]
  0x00007f978b801800 JavaThread "main" [_thread_blocked, id=5891, stack(0x000070000011a000,0x000070000021a000)]

Other Threads:
  0x00007f978c02a000 VMThread [stack: 0x0000700000a35000,0x0000700000b35000] [id=13315]
  0x00007f978b81f800 WatcherThread [stack: 0x000070000175f000,0x000070000185f000] [id=23043]

VM state:not at safepoint (normal execution)

VM Mutex/Monitor currently owned by a thread: None

Heap:
 PSYoungGen      total 47616K, used 4096K [0x000000078ab00000, 0x000000078e000000, 0x00000007c0000000)
  eden space 40960K, 10% used [0x000000078ab00000,0x000000078af001d8,0x000000078d300000)
  from space 6656K, 0% used [0x000000078d980000,0x000000078d980000,0x000000078e000000)
  to   space 6656K, 0% used [0x000000078d300000,0x000000078d300000,0x000000078d980000)
 ParOldGen       total 109568K, used 0K [0x0000000720000000, 0x0000000726b00000, 0x000000078ab00000)
  object space 109568K, 0% used [0x0000000720000000,0x0000000720000000,0x0000000726b00000)
 Metaspace       used 3435K, capacity 4564K, committed 4864K, reserved 1056768K
  class space    used 382K, capacity 388K, committed 512K, reserved 1048576K

Card table byte_map: [0x000000011cb4d000,0x000000011d04e000] byte_map_base: 0x000000011924d000

Marking Bits: (ParMarkBitMap*) 0x000000010d0e3ea0
 Begin Bits: [0x000000011d3a4000, 0x000000011fba4000)
 End Bits:   [0x000000011fba4000, 0x00000001223a4000)

Polling page: 0x000000010b67c000

CodeCache: size=245760Kb used=1204Kb max_used=1204Kb free=244555Kb
 bounds [0x000000010d78d000, 0x000000010d9fd000, 0x000000011c78d000]
 total_blobs=317 nmethods=85 adapters=154
 compilation: enabled

Compilation events (10 events):
Event: 3.283 Thread 0x00007f978c803800   80       3       java.lang.Character::isBmpCodePoint (13 bytes)
Event: 3.283 Thread 0x00007f978c803800 nmethod 80 0x000000010d8b8f50 code [0x000000010d8b90c0, 0x000000010d8b9250]
Event: 3.283 Thread 0x00007f978c803800   81       3       java.util.regex.Pattern::next (33 bytes)
Event: 3.283 Thread 0x00007f978c803800 nmethod 81 0x000000010d8b92d0 code [0x000000010d8b9460, 0x000000010d8b9728]
Event: 3.283 Thread 0x00007f978c803800   82       1       java.util.regex.Pattern::flags (5 bytes)
Event: 3.283 Thread 0x00007f978c803800 nmethod 82 0x000000010d8b9850 code [0x000000010d8b99a0, 0x000000010d8b9ab0]
Event: 3.283 Thread 0x00007f978c803800   83       3       java.lang.Math::max (11 bytes)
Event: 3.284 Thread 0x00007f978c803800 nmethod 83 0x000000010d8b9b10 code [0x000000010d8b9c80, 0x000000010d8b9e10]
Event: 5.025 Thread 0x00007f978c803800   84       3       java.util.concurrent.ConcurrentHashMap::setTabAt (19 bytes)
Event: 5.025 Thread 0x00007f978c803800 nmethod 84 0x000000010d8ba210 code [0x000000010d8ba360, 0x000000010d8ba4d0]

GC Heap History (0 events):
No events

Deoptimization events (0 events):
No events

Internal exceptions (6 events):
Event: 0.058 Thread 0x00007f978b801800 Exception <a 'java/lang/NoSuchMethodError': Method sun.misc.Unsafe.defineClass(Ljava/lang/String;[BII)Ljava/lang/Class; name or signature does not match> (0x000000078ab12f68) thrown at [/HUDSON3/workspace/8-2-build-macosx-x86_64/jdk8u73/6086/hotspot/src/s
Event: 0.058 Thread 0x00007f978b801800 Exception <a 'java/lang/NoSuchMethodError': Method sun.misc.Unsafe.prefetchRead(Ljava/lang/Object;J)V name or signature does not match> (0x000000078ab13250) thrown at [/HUDSON3/workspace/8-2-build-macosx-x86_64/jdk8u73/6086/hotspot/src/share/vm/prims/jni.
Event: 0.175 Thread 0x00007f978b801800 Exception <a 'java/security/PrivilegedActionException'> (0x000000078ae3a290) thrown at [/HUDSON3/workspace/8-2-build-macosx-x86_64/jdk8u73/6086/hotspot/src/share/vm/prims/jvm.cpp, line 1386]
Event: 0.175 Thread 0x00007f978b801800 Exception <a 'java/security/PrivilegedActionException'> (0x000000078ae3a4a0) thrown at [/HUDSON3/workspace/8-2-build-macosx-x86_64/jdk8u73/6086/hotspot/src/share/vm/prims/jvm.cpp, line 1386]
Event: 0.175 Thread 0x00007f978b801800 Exception <a 'java/security/PrivilegedActionException'> (0x000000078ae3d928) thrown at [/HUDSON3/workspace/8-2-build-macosx-x86_64/jdk8u73/6086/hotspot/src/share/vm/prims/jvm.cpp, line 1386]
Event: 0.175 Thread 0x00007f978b801800 Exception <a 'java/security/PrivilegedActionException'> (0x000000078ae3db38) thrown at [/HUDSON3/workspace/8-2-build-macosx-x86_64/jdk8u73/6086/hotspot/src/share/vm/prims/jvm.cpp, line 1386]

Events (10 events):
Event: 523.821 Executing VM operation: ChangeBreakpoints
Event: 523.822 Executing VM operation: ChangeBreakpoints done
Event: 523.824 Executing VM operation: ChangeBreakpoints
Event: 523.824 Executing VM operation: ChangeBreakpoints done
Event: 523.825 Executing VM operation: ChangeBreakpoints
Event: 523.825 Executing VM operation: ChangeBreakpoints done
Event: 523.827 Executing VM operation: ChangeBreakpoints
Event: 523.827 Executing VM operation: ChangeBreakpoints done
Event: 523.830 Executing VM operation: ChangeBreakpoints
Event: 523.830 Executing VM operation: ChangeBreakpoints done


Dynamic libraries:
0x000000000b8d6000 	/System/Library/Frameworks/Cocoa.framework/Versions/A/Cocoa
0x000000000b8d6000 	/System/Library/Frameworks/Security.framework/Versions/A/Security
0x000000000b8d6000 	/System/Library/Frameworks/ApplicationServices.framework/Versions/A/ApplicationServices
0x000000000b8d6000 	/usr/lib/libz.1.dylib
0x000000000b8d6000 	/usr/lib/libSystem.B.dylib
0x000000000b8d6000 	/usr/lib/libobjc.A.dylib
0x000000000b8d6000 	/System/Library/Frameworks/CoreFoundation.framework/Versions/A/CoreFoundation
0x000000000b8d6000 	/System/Library/Frameworks/Foundation.framework/Versions/C/Foundation
0x000000000b8d6000 	/System/Library/Frameworks/AppKit.framework/Versions/C/AppKit
0x000000000b8d6000 	/System/Library/Frameworks/CoreData.framework/Versions/A/CoreData
0x000000000b8d6000 	/System/Library/PrivateFrameworks/RemoteViewServices.framework/Versions/A/RemoteViewServices
0x000000000b8d6000 	/System/Library/PrivateFrameworks/UIFoundation.framework/Versions/A/UIFoundation
0x000000000b8d6000 	/usr/lib/libScreenReader.dylib
0x000000000b8d6000 	/System/Library/Frameworks/Accelerate.framework/Versions/A/Accelerate
0x000000000b8d6000 	/System/Library/Frameworks/IOSurface.framework/Versions/A/IOSurface
0x000000000b8d6000 	/System/Library/Frameworks/AudioToolbox.framework/Versions/A/AudioToolbox
0x000000000b8d6000 	/System/Library/Frameworks/AudioUnit.framework/Versions/A/AudioUnit
0x000000000b8d6000 	/System/Library/PrivateFrameworks/DataDetectorsCore.framework/Versions/A/DataDetectorsCore
0x000000000b8d6000 	/System/Library/PrivateFrameworks/DesktopServicesPriv.framework/Versions/A/DesktopServicesPriv
0x000000000b8d6000 	/System/Library/Frameworks/Carbon.framework/Versions/A/Frameworks/HIToolbox.framework/Versions/A/HIToolbox
0x000000000b8d6000 	/System/Library/Frameworks/QuartzCore.framework/Versions/A/QuartzCore
0x000000000b8d6000 	/System/Library/Frameworks/Carbon.framework/Versions/A/Frameworks/SpeechRecognition.framework/Versions/A/SpeechRecognition
0x000000000b8d6000 	/usr/lib/libauto.dylib
0x000000000b8d6000 	/usr/lib/libicucore.A.dylib
0x000000000b8d6000 	/usr/lib/libxml2.2.dylib
0x000000000b8d6000 	/System/Library/PrivateFrameworks/CoreUI.framework/Versions/A/CoreUI
0x000000000b8d6000 	/System/Library/Frameworks/CoreAudio.framework/Versions/A/CoreAudio
0x000000000b8d6000 	/System/Library/Frameworks/DiskArbitration.framework/Versions/A/DiskArbitration
0x000000000b8d6000 	/usr/lib/liblangid.dylib
0x000000000b8d6000 	/System/Library/PrivateFrameworks/MultitouchSupport.framework/Versions/A/MultitouchSupport
0x000000000b8d6000 	/System/Library/Frameworks/IOKit.framework/Versions/A/IOKit
0x000000000b8d6000 	/usr/lib/libDiagnosticMessagesClient.dylib
0x000000000b8d6000 	/System/Library/Frameworks/CoreServices.framework/Versions/A/CoreServices
0x000000000b8d6000 	/System/Library/PrivateFrameworks/PerformanceAnalysis.framework/Versions/A/PerformanceAnalysis
0x000000000b8d6000 	/System/Library/PrivateFrameworks/GenerationalStorage.framework/Versions/A/GenerationalStorage
0x000000000b8d6000 	/System/Library/Frameworks/OpenGL.framework/Versions/A/OpenGL
0x000000000b8d6000 	/System/Library/PrivateFrameworks/Sharing.framework/Versions/A/Sharing
0x000000000b8d6000 	/System/Library/Frameworks/CoreGraphics.framework/Versions/A/CoreGraphics
0x000000000b8d6000 	/System/Library/Frameworks/CoreImage.framework/Versions/A/CoreImage
0x000000000b8d6000 	/System/Library/Frameworks/CoreText.framework/Versions/A/CoreText
0x000000000b8d6000 	/System/Library/Frameworks/ImageIO.framework/Versions/A/ImageIO
0x000000000b8d6000 	/System/Library/PrivateFrameworks/Backup.framework/Versions/A/Backup
0x000000000b8d6000 	/usr/lib/libextension.dylib
0x000000000b8d6000 	/usr/lib/libarchive.2.dylib
0x000000000b8d6000 	/System/Library/Frameworks/CFNetwork.framework/Versions/A/CFNetwork
0x000000000b8d6000 	/System/Library/Frameworks/SystemConfiguration.framework/Versions/A/SystemConfiguration
0x000000000b8d6000 	/usr/lib/libCRFSuite.dylib
0x000000000b8d6000 	/usr/lib/libc++.1.dylib
0x000000000b8d6000 	/usr/lib/libc++abi.dylib
0x000000000b8d6000 	/usr/lib/system/libcache.dylib
0x000000000b8d6000 	/usr/lib/system/libcommonCrypto.dylib
0x000000000b8d6000 	/usr/lib/system/libcompiler_rt.dylib
0x000000000b8d6000 	/usr/lib/system/libcopyfile.dylib
0x000000000b8d6000 	/usr/lib/system/libcorecrypto.dylib
0x000000000b8d6000 	/usr/lib/system/libdispatch.dylib
0x000000000b8d6000 	/usr/lib/system/libdyld.dylib
0x000000000b8d6000 	/usr/lib/system/libkeymgr.dylib
0x000000000b8d6000 	/usr/lib/system/liblaunch.dylib
0x000000000b8d6000 	/usr/lib/system/libmacho.dylib
0x000000000b8d6000 	/usr/lib/system/libquarantine.dylib
0x000000000b8d6000 	/usr/lib/system/libremovefile.dylib
0x000000000b8d6000 	/usr/lib/system/libsystem_asl.dylib
0x000000000b8d6000 	/usr/lib/system/libsystem_blocks.dylib
0x000000000b8d6000 	/usr/lib/system/libsystem_c.dylib
0x000000000b8d6000 	/usr/lib/system/libsystem_configuration.dylib
0x000000000b8d6000 	/usr/lib/system/libsystem_coreservices.dylib
0x000000000b8d6000 	/usr/lib/system/libsystem_coretls.dylib
0x000000000b8d6000 	/usr/lib/system/libsystem_dnssd.dylib
0x000000000b8d6000 	/usr/lib/system/libsystem_info.dylib
0x000000000b8d6000 	/usr/lib/system/libsystem_kernel.dylib
0x000000000b8d6000 	/usr/lib/system/libsystem_m.dylib
0x000000000b8d6000 	/usr/lib/system/libsystem_malloc.dylib
0x000000000b8d6000 	/usr/lib/system/libsystem_network.dylib
0x000000000b8d6000 	/usr/lib/system/libsystem_networkextension.dylib
0x000000000b8d6000 	/usr/lib/system/libsystem_notify.dylib
0x000000000b8d6000 	/usr/lib/system/libsystem_platform.dylib
0x000000000b8d6000 	/usr/lib/system/libsystem_pthread.dylib
0x000000000b8d6000 	/usr/lib/system/libsystem_sandbox.dylib
0x000000000b8d6000 	/usr/lib/system/libsystem_secinit.dylib
0x000000000b8d6000 	/usr/lib/system/libsystem_trace.dylib
0x000000000b8d6000 	/usr/lib/system/libunc.dylib
0x000000000b8d6000 	/usr/lib/system/libunwind.dylib
0x000000000b8d6000 	/usr/lib/system/libxpc.dylib
0x000000000b8d6000 	/usr/lib/libenergytrace.dylib
0x000000000b8d6000 	/usr/lib/libbsm.0.dylib
0x000000000b8d6000 	/usr/lib/system/libkxld.dylib
0x000000000b8d6000 	/usr/lib/libxar.1.dylib
0x000000000b8d6000 	/usr/lib/libsqlite3.dylib
0x000000000b8d6000 	/usr/lib/libpam.2.dylib
0x000000000b8d6000 	/usr/lib/libOpenScriptingUtil.dylib
0x000000000b8d6000 	/usr/lib/libbz2.1.0.dylib
0x000000000b8d6000 	/usr/lib/liblzma.5.dylib
0x000000000b8d6000 	/System/Library/Frameworks/CoreServices.framework/Versions/A/Frameworks/FSEvents.framework/Versions/A/FSEvents
0x000000000b8d6000 	/System/Library/Frameworks/CoreServices.framework/Versions/A/Frameworks/CarbonCore.framework/Versions/A/CarbonCore
0x000000000b8d6000 	/System/Library/Frameworks/CoreServices.framework/Versions/A/Frameworks/Metadata.framework/Versions/A/Metadata
0x000000000b8d6000 	/System/Library/Frameworks/CoreServices.framework/Versions/A/Frameworks/OSServices.framework/Versions/A/OSServices
0x000000000b8d6000 	/System/Library/Frameworks/CoreServices.framework/Versions/A/Frameworks/SearchKit.framework/Versions/A/SearchKit
0x000000000b8d6000 	/System/Library/Frameworks/CoreServices.framework/Versions/A/Frameworks/AE.framework/Versions/A/AE
0x000000000b8d6000 	/System/Library/Frameworks/CoreServices.framework/Versions/A/Frameworks/LaunchServices.framework/Versions/A/LaunchServices
0x000000000b8d6000 	/System/Library/Frameworks/CoreServices.framework/Versions/A/Frameworks/DictionaryServices.framework/Versions/A/DictionaryServices
0x000000000b8d6000 	/System/Library/Frameworks/CoreServices.framework/Versions/A/Frameworks/SharedFileList.framework/Versions/A/SharedFileList
0x000000000b8d6000 	/System/Library/Frameworks/NetFS.framework/Versions/A/NetFS
0x000000000b8d6000 	/System/Library/PrivateFrameworks/NetAuth.framework/Versions/A/NetAuth
0x000000000b8d6000 	/System/Library/PrivateFrameworks/login.framework/Versions/A/Frameworks/loginsupport.framework/Versions/A/loginsupport
0x000000000b8d6000 	/System/Library/PrivateFrameworks/TCC.framework/Versions/A/TCC
0x000000000b8d6000 	/usr/lib/libmecabra.dylib
0x000000000b8d6000 	/System/Library/Frameworks/ApplicationServices.framework/Versions/A/Frameworks/ATS.framework/Versions/A/ATS
0x000000000b8d6000 	/System/Library/Frameworks/ApplicationServices.framework/Versions/A/Frameworks/ColorSync.framework/Versions/A/ColorSync
0x000000000b8d6000 	/System/Library/Frameworks/ApplicationServices.framework/Versions/A/Frameworks/HIServices.framework/Versions/A/HIServices
0x000000000b8d6000 	/System/Library/Frameworks/ApplicationServices.framework/Versions/A/Frameworks/LangAnalysis.framework/Versions/A/LangAnalysis
0x000000000b8d6000 	/System/Library/Frameworks/ApplicationServices.framework/Versions/A/Frameworks/PrintCore.framework/Versions/A/PrintCore
0x000000000b8d6000 	/System/Library/Frameworks/ApplicationServices.framework/Versions/A/Frameworks/QD.framework/Versions/A/QD
0x000000000b8d6000 	/System/Library/Frameworks/ApplicationServices.framework/Versions/A/Frameworks/SpeechSynthesis.framework/Versions/A/SpeechSynthesis
0x000000000b8d6000 	/System/Library/Frameworks/Metal.framework/Versions/A/Metal
0x000000000b8d6000 	/System/Library/Frameworks/Accelerate.framework/Versions/A/Frameworks/vImage.framework/Versions/A/vImage
0x000000000b8d6000 	/System/Library/Frameworks/Accelerate.framework/Versions/A/Frameworks/vecLib.framework/Versions/A/vecLib
0x000000000b8d6000 	/System/Library/Frameworks/Accelerate.framework/Versions/A/Frameworks/vecLib.framework/Versions/A/libvDSP.dylib
0x000000000b8d6000 	/System/Library/Frameworks/Accelerate.framework/Versions/A/Frameworks/vecLib.framework/Versions/A/libvMisc.dylib
0x000000000b8d6000 	/System/Library/Frameworks/Accelerate.framework/Versions/A/Frameworks/vecLib.framework/Versions/A/libLAPACK.dylib
0x000000000b8d6000 	/System/Library/Frameworks/Accelerate.framework/Versions/A/Frameworks/vecLib.framework/Versions/A/libBLAS.dylib
0x000000000b8d6000 	/System/Library/Frameworks/Accelerate.framework/Versions/A/Frameworks/vecLib.framework/Versions/A/libLinearAlgebra.dylib
0x000000000b8d6000 	/System/Library/Frameworks/Accelerate.framework/Versions/A/Frameworks/vecLib.framework/Versions/A/libSparseBLAS.dylib
0x000000000b8d6000 	/System/Library/PrivateFrameworks/GPUCompiler.framework/libmetal_timestamp.dylib
0x000000000b8d6000 	/System/Library/Frameworks/OpenGL.framework/Versions/A/Libraries/libCoreFSCache.dylib
0x000000000b8d6000 	/System/Library/PrivateFrameworks/IOAccelerator.framework/Versions/A/IOAccelerator
0x000000000b8d6000 	/System/Library/Frameworks/ApplicationServices.framework/Versions/A/Frameworks/ATS.framework/Versions/A/Resources/libFontParser.dylib
0x000000000b8d6000 	/System/Library/Frameworks/ApplicationServices.framework/Versions/A/Frameworks/ATS.framework/Versions/A/Resources/libFontRegistry.dylib
0x000000000b8d6000 	/System/Library/PrivateFrameworks/AppleVPA.framework/Versions/A/AppleVPA
0x000000000b8d6000 	/System/Library/PrivateFrameworks/AppleJPEG.framework/Versions/A/AppleJPEG
0x000000000b8d6000 	/System/Library/Frameworks/ImageIO.framework/Versions/A/Resources/libJPEG.dylib
0x000000000b8d6000 	/System/Library/Frameworks/ImageIO.framework/Versions/A/Resources/libTIFF.dylib
0x000000000b8d6000 	/System/Library/Frameworks/ImageIO.framework/Versions/A/Resources/libPng.dylib
0x000000000b8d6000 	/System/Library/Frameworks/ImageIO.framework/Versions/A/Resources/libGIF.dylib
0x000000000b8d6000 	/System/Library/Frameworks/ImageIO.framework/Versions/A/Resources/libJP2.dylib
0x000000000b8d6000 	/System/Library/Frameworks/ImageIO.framework/Versions/A/Resources/libRadiance.dylib
0x000000000b8d6000 	/System/Library/Frameworks/CoreVideo.framework/Versions/A/CoreVideo
0x000000000b8d6000 	/System/Library/Frameworks/OpenGL.framework/Versions/A/Libraries/libGLU.dylib
0x000000000b8d6000 	/System/Library/Frameworks/OpenGL.framework/Versions/A/Libraries/libGFXShared.dylib
0x000000000b8d6000 	/System/Library/Frameworks/OpenGL.framework/Versions/A/Libraries/libGL.dylib
0x000000000b8d6000 	/System/Library/Frameworks/OpenGL.framework/Versions/A/Libraries/libGLImage.dylib
0x000000000b8d6000 	/System/Library/Frameworks/OpenGL.framework/Versions/A/Libraries/libCVMSPluginSupport.dylib
0x000000000b8d6000 	/System/Library/Frameworks/OpenGL.framework/Versions/A/Libraries/libCoreVMClient.dylib
0x000000000b8d6000 	/usr/lib/libcups.2.dylib
0x000000000b8d6000 	/System/Library/Frameworks/Kerberos.framework/Versions/A/Kerberos
0x000000000b8d6000 	/System/Library/Frameworks/GSS.framework/Versions/A/GSS
0x000000000b8d6000 	/usr/lib/libresolv.9.dylib
0x000000000b8d6000 	/usr/lib/libiconv.2.dylib
0x000000000b8d6000 	/System/Library/PrivateFrameworks/Heimdal.framework/Versions/A/Heimdal
0x000000000b8d6000 	/usr/lib/libheimdal-asn1.dylib
0x000000000b8d6000 	/System/Library/Frameworks/OpenDirectory.framework/Versions/A/OpenDirectory
0x000000000b8d6000 	/System/Library/PrivateFrameworks/CommonAuth.framework/Versions/A/CommonAuth
0x000000000b8d6000 	/System/Library/Frameworks/OpenDirectory.framework/Versions/A/Frameworks/CFOpenDirectory.framework/Versions/A/CFOpenDirectory
0x000000000b8d6000 	/System/Library/Frameworks/SecurityFoundation.framework/Versions/A/SecurityFoundation
0x000000000b8d6000 	/System/Library/PrivateFrameworks/LanguageModeling.framework/Versions/A/LanguageModeling
0x000000000b8d6000 	/usr/lib/libmarisa.dylib
0x000000000b8d6000 	/usr/lib/libChineseTokenizer.dylib
0x000000000b8d6000 	/usr/lib/libcmph.dylib
0x000000000b8d6000 	/usr/lib/libcompression.dylib
0x000000000b8d6000 	/System/Library/Frameworks/ServiceManagement.framework/Versions/A/ServiceManagement
0x000000000b8d6000 	/usr/lib/libxslt.1.dylib
0x000000000b8d6000 	/System/Library/Frameworks/Carbon.framework/Versions/A/Frameworks/Ink.framework/Versions/A/Ink
0x000000000b8d6000 	/usr/lib/libFosl_dynamic.dylib
0x000000000b8d6000 	/System/Library/PrivateFrameworks/FaceCore.framework/Versions/A/FaceCore
0x000000000b8d6000 	/System/Library/Frameworks/OpenCL.framework/Versions/A/OpenCL
0x000000000b8d6000 	/System/Library/PrivateFrameworks/CrashReporterSupport.framework/Versions/A/CrashReporterSupport
0x000000000b8d6000 	/System/Library/PrivateFrameworks/IconServices.framework/Versions/A/IconServices
0x000000000b8d6000 	/System/Library/PrivateFrameworks/Apple80211.framework/Versions/A/Apple80211
0x000000000b8d6000 	/System/Library/Frameworks/CoreWLAN.framework/Versions/A/CoreWLAN
0x000000000b8d6000 	/System/Library/Frameworks/IOBluetooth.framework/Versions/A/IOBluetooth
0x000000000b8d6000 	/System/Library/PrivateFrameworks/CoreWiFi.framework/Versions/A/CoreWiFi
0x000000000b8d6000 	/System/Library/Frameworks/CoreBluetooth.framework/Versions/A/CoreBluetooth
0x000000000b8d6000 	/System/Library/PrivateFrameworks/ChunkingLibrary.framework/Versions/A/ChunkingLibrary
0x000000000b8d6000 	/System/Library/PrivateFrameworks/DebugSymbols.framework/Versions/A/DebugSymbols
0x000000000b8d6000 	/System/Library/PrivateFrameworks/CoreSymbolication.framework/Versions/A/CoreSymbolication
0x000000000b8d6000 	/System/Library/PrivateFrameworks/Symbolication.framework/Versions/A/Symbolication
0x000000000b8d6000 	/System/Library/PrivateFrameworks/SpeechRecognitionCore.framework/Versions/A/SpeechRecognitionCore
0x000000010c800000 	/Library/Java/JavaVirtualMachines/jdk1.8.0_73.jdk/Contents/Home/jre/lib/server/libjvm.dylib
0x000000000b8d6000 	/usr/lib/libstdc++.6.dylib
0x000000010b639000 	/Library/Java/JavaVirtualMachines/jdk1.8.0_73.jdk/Contents/Home/jre/lib/libverify.dylib
0x000000010b647000 	/Library/Java/JavaVirtualMachines/jdk1.8.0_73.jdk/Contents/Home/jre/lib/libjava.dylib
0x000000010b67d000 	/Library/Java/JavaVirtualMachines/jdk1.8.0_73.jdk/Contents/Home/jre/lib/libjdwp.dylib
0x000000010b6c8000 	/Library/Java/JavaVirtualMachines/jdk1.8.0_73.jdk/Contents/Home/jre/lib/libnpt.dylib
0x000000010b6d5000 	/Library/Java/JavaVirtualMachines/jdk1.8.0_73.jdk/Contents/Home/jre/lib/libzip.dylib
0x000000010b7e5000 	/System/Library/Frameworks/JavaVM.framework/Frameworks/JavaRuntimeSupport.framework/JavaRuntimeSupport
0x0000000124f1e000 	/System/Library/Frameworks/JavaVM.framework/Versions/A/Frameworks/JavaNativeFoundation.framework/Versions/A/JavaNativeFoundation
0x0000000124f33000 	/System/Library/Frameworks/JavaVM.framework/Versions/A/JavaVM
0x000000000b8d6000 	/System/Library/Frameworks/Carbon.framework/Versions/A/Carbon
0x0000000124f40000 	/System/Library/PrivateFrameworks/JavaLaunching.framework/Versions/A/JavaLaunching
0x000000000b8d6000 	/System/Library/Frameworks/Carbon.framework/Versions/A/Frameworks/CommonPanels.framework/Versions/A/CommonPanels
0x000000000b8d6000 	/System/Library/Frameworks/Carbon.framework/Versions/A/Frameworks/Help.framework/Versions/A/Help
0x000000000b8d6000 	/System/Library/Frameworks/Carbon.framework/Versions/A/Frameworks/ImageCapture.framework/Versions/A/ImageCapture
0x000000000b8d6000 	/System/Library/Frameworks/Carbon.framework/Versions/A/Frameworks/OpenScripting.framework/Versions/A/OpenScripting
0x000000000b8d6000 	/System/Library/Frameworks/Carbon.framework/Versions/A/Frameworks/Print.framework/Versions/A/Print
0x000000000b8d6000 	/System/Library/Frameworks/Carbon.framework/Versions/A/Frameworks/SecurityHI.framework/Versions/A/SecurityHI
0x0000000126861000 	/Library/Java/JavaVirtualMachines/jdk1.8.0_73.jdk/Contents/Home/jre/lib/libdt_socket.dylib

VM Arguments:
jvm_args: -agentlib:jdwp=transport=dt_socket,address=127.0.0.1:50066,suspend=y,server=n -Dfile.encoding=UTF-8 
java_command: com.Geddy.Main
java_class_path (initial): /Library/Java/JavaVirtualMachines/jdk1.8.0_73.jdk/Contents/Home/jre/lib/charsets.jar:/Library/Java/JavaVirtualMachines/jdk1.8.0_73.jdk/Contents/Home/jre/lib/deploy.jar:/Library/Java/JavaVirtualMachines/jdk1.8.0_73.jdk/Contents/Home/jre/lib/ext/cldrdata.jar:/Library/Java/JavaVirtualMachines/jdk1.8.0_73.jdk/Contents/Home/jre/lib/ext/dnsns.jar:/Library/Java/JavaVirtualMachines/jdk1.8.0_73.jdk/Contents/Home/jre/lib/ext/jaccess.jar:/Library/Java/JavaVirtualMachines/jdk1.8.0_73.jdk/Contents/Home/jre/lib/ext/jfxrt.jar:/Library/Java/JavaVirtualMachines/jdk1.8.0_73.jdk/Contents/Home/jre/lib/ext/localedata.jar:/Library/Java/JavaVirtualMachines/jdk1.8.0_73.jdk/Contents/Home/jre/lib/ext/nashorn.jar:/Library/Java/JavaVirtualMachines/jdk1.8.0_73.jdk/Contents/Home/jre/lib/ext/sunec.jar:/Library/Java/JavaVirtualMachines/jdk1.8.0_73.jdk/Contents/Home/jre/lib/ext/sunjce_provider.jar:/Library/Java/JavaVirtualMachines/jdk1.8.0_73.jdk/Contents/Home/jre/lib/ext/sunpkcs11.jar:/Library/Java/JavaVirtualMachines/jdk1.8.0_73.jdk/Contents/Home/jre/lib/ext/zipfs.jar:/Library/Java/JavaVirtualMachines/jdk1.8.0_73.jdk/Contents/Home/jre/lib/javaws.jar:/Library/Java/JavaVirtualMachines/jdk1.8.0_73.jdk/Contents/Home/jre/lib/jce.jar:/Library/Java/JavaVirtualMachines/jdk1.8.0_73.jdk/Contents/Home/jre/lib/jfr.jar:/Library/Java/JavaVirtualMachines/jdk1.8.0_73.jdk/Contents/Home/jre/lib/jfxswt.jar:/Library/Java/JavaVirtualMachines/jdk1.8.0_73.jdk/Contents/Home/jre/lib/jsse.jar:/Library/Java/JavaVirtualMachines/jdk1.8.0_73.jdk/Contents/Home/jre/lib/management-agent.jar:/Library/Java/JavaVirtualMachines/jdk1.8.0_73.jdk/Contents/Home/jre/lib/plugin.jar:/Library/Java/JavaVirtualMachines/jdk1.8.0_73.jdk/Contents/Home/jre/lib/resources.jar:/Library/Java/JavaVirtualMachines/jdk1.8.0_73.jdk/Contents/Home/jre/lib/rt.jar:/Library/Java/JavaVirtualMachines/jdk1.8.0_73.jdk/Contents/Home/lib/ant-javafx.jar:/Library/Java/JavaVirtualMachines/jdk1.8.0_73.jdk/Contents/Home/lib/dt.jar:/Library/Ja
Launcher Type: SUN_STANDARD

Environment Variables:
PATH=/usr/local/bin:/usr/bin:/bin:/usr/sbin:/sbin
SHELL=/bin/bash

Signal Handlers:
SIGSEGV: [libjvm.dylib+0x5a71a5], sa_mask[0]=11111111011111110111111111111111, sa_flags=SA_ONSTACK|SA_RESTART|SA_SIGINFO
SIGBUS: [libjvm.dylib+0x5a71a5], sa_mask[0]=11111111011111110111111111111111, sa_flags=SA_RESTART|SA_SIGINFO
SIGFPE: [libjvm.dylib+0x480eb4], sa_mask[0]=11111111011111110111111111111111, sa_flags=SA_RESTART|SA_SIGINFO
SIGPIPE: [libjvm.dylib+0x480eb4], sa_mask[0]=11111111011111110111111111111111, sa_flags=SA_RESTART|SA_SIGINFO
SIGXFSZ: [libjvm.dylib+0x480eb4], sa_mask[0]=11111111011111110111111111111111, sa_flags=SA_RESTART|SA_SIGINFO
SIGILL: [libjvm.dylib+0x480eb4], sa_mask[0]=11111111011111110111111111111111, sa_flags=SA_RESTART|SA_SIGINFO
SIGUSR1: SIG_DFL, sa_mask[0]=00000000000000000000000000000000, sa_flags=none
SIGUSR2: [libjvm.dylib+0x4809d2], sa_mask[0]=00100000000000000000000000000000, sa_flags=SA_RESTART|SA_SIGINFO
SIGHUP: [libjvm.dylib+0x47efa9], sa_mask[0]=11111111011111110111111111111111, sa_flags=SA_RESTART|SA_SIGINFO
SIGINT: [libjvm.dylib+0x47efa9], sa_mask[0]=11111111011111110111111111111111, sa_flags=SA_RESTART|SA_SIGINFO
SIGTERM: [libjvm.dylib+0x47efa9], sa_mask[0]=11111111011111110111111111111111, sa_flags=SA_RESTART|SA_SIGINFO
SIGQUIT: [libjvm.dylib+0x47efa9], sa_mask[0]=11111111011111110111111111111111, sa_flags=SA_RESTART|SA_SIGINFO


---------------  S Y S T E M  ---------------

OS:Bsduname:Darwin 15.3.0 Darwin Kernel Version 15.3.0: Thu Dec 10 18:40:58 PST 2015; root:xnu-3248.30.4~1/RELEASE_X86_64 x86_64
rlimit: STACK 8192k, CORE 0k, NPROC 709, NOFILE 10240, AS infinity
load average:2.58 2.55 2.44

CPU:total 8 (4 cores per cpu, 2 threads per core) family 6 model 58 stepping 9, cmov, cx8, fxsr, mmx, sse, sse2, sse3, ssse3, sse4.1, sse4.2, popcnt, avx, aes, clmul, erms, ht, tsc, tscinvbit, tscinv

Memory: 4k page, physical 10485760k(808204k free)

/proc/meminfo:


vm_info: Java HotSpot(TM) 64-Bit Server VM (25.73-b02) for bsd-amd64 JRE (1.8.0_73-b02), built on Jan 29 2016 15:02:00 by "java_re" with gcc 4.2.1 (Based on Apple Inc. build 5658) (LLVM build 2336.11.00)

time: Sat Mar  5 12:39:46 2016
elapsed time: 523 seconds (0d 0h 8m 43s)

